{"level":"info","message":"Server running on port 8080","timestamp":"2025-10-19T08:06:56.010Z"}
{"level":"info","message":"MongoDB Connected Successfully","timestamp":"2025-10-19T08:06:57.546Z"}
{"level":"info","message":"Server running on port 8080","timestamp":"2025-10-19T08:07:06.343Z"}
{"level":"info","message":"Server running on port 8080","timestamp":"2025-10-19T08:07:07.377Z"}
{"level":"info","message":"MongoDB Connected Successfully","timestamp":"2025-10-19T08:07:08.872Z"}
{"level":"info","message":"Server running on port 8080","timestamp":"2025-10-19T08:07:10.160Z"}
{"level":"info","message":"MongoDB Connected Successfully","timestamp":"2025-10-19T08:07:11.681Z"}
{"level":"info","message":"Server running on port 8080","timestamp":"2025-10-19T08:07:41.250Z"}
{"level":"info","message":"MongoDB Connected Successfully","timestamp":"2025-10-19T08:07:42.743Z"}
{"level":"info","message":"Server running on port 8080","timestamp":"2025-10-19T08:07:45.860Z"}
{"level":"info","message":"MongoDB Connected Successfully","timestamp":"2025-10-19T08:07:47.338Z"}
{"level":"info","message":"Server running on port 8080","timestamp":"2025-10-19T08:08:26.661Z"}
{"level":"info","message":"MongoDB Connected Successfully","timestamp":"2025-10-19T08:08:28.489Z"}
{"level":"info","message":"Server running on port 8080","timestamp":"2025-10-19T08:08:40.384Z"}
{"level":"info","message":"MongoDB Connected Successfully","timestamp":"2025-10-19T08:08:40.854Z"}
{"level":"info","message":"Server running on port 8080","timestamp":"2025-10-19T08:09:06.594Z"}
{"level":"info","message":"MongoDB Connected Successfully","timestamp":"2025-10-19T08:09:08.102Z"}
{"level":"info","message":"Server running on port 8080","timestamp":"2025-10-19T08:10:43.742Z"}
{"level":"info","message":"MongoDB Connected Successfully","timestamp":"2025-10-19T08:10:44.255Z"}
{"level":"info","message":"Server running on port 8080","timestamp":"2025-10-19T08:11:59.699Z"}
{"level":"info","message":"MongoDB Connected Successfully","timestamp":"2025-10-19T08:12:00.334Z"}
{"level":"info","message":"Server running on port 8080","timestamp":"2025-10-19T08:12:14.149Z"}
{"level":"info","message":"MongoDB Connected Successfully","timestamp":"2025-10-19T08:12:15.720Z"}
{"level":"info","message":"Server running on port 8080","timestamp":"2025-10-19T08:12:23.523Z"}
{"level":"info","message":"MongoDB Connected Successfully","timestamp":"2025-10-19T08:12:24.031Z"}
{"level":"info","message":"Server running on port 8080","timestamp":"2025-10-19T08:14:29.684Z"}
{"level":"info","message":"MongoDB Connected Successfully","timestamp":"2025-10-19T08:14:30.330Z"}
{"level":"info","message":"Server running on port 8080","timestamp":"2025-10-19T08:14:44.460Z"}
{"level":"info","message":"MongoDB Connected Successfully","timestamp":"2025-10-19T08:14:44.981Z"}
{"level":"info","message":"Server running on port 8080","timestamp":"2025-10-19T08:15:12.087Z"}
{"level":"info","message":"MongoDB Connected Successfully","timestamp":"2025-10-19T08:15:13.590Z"}
{"level":"info","message":"Server running on port 8080","timestamp":"2025-10-19T08:17:27.578Z"}
{"level":"info","message":"MongoDB Connected Successfully","timestamp":"2025-10-19T08:17:29.091Z"}
{"level":"info","message":"Server running on port 8080","timestamp":"2025-10-19T08:21:51.730Z"}
{"level":"info","message":"MongoDB Connected Successfully","timestamp":"2025-10-19T08:21:52.204Z"}
{"level":"info","message":"Server running on port 8080","timestamp":"2025-10-19T08:26:37.784Z"}
{"level":"info","message":"MongoDB Connected Successfully","timestamp":"2025-10-19T08:26:38.271Z"}
{"level":"info","message":"Server running on port 8080","timestamp":"2025-10-19T08:26:56.295Z"}
{"level":"info","message":"Server running on port 8080","timestamp":"2025-10-19T08:26:57.601Z"}
{"level":"info","message":"MongoDB Connected Successfully","timestamp":"2025-10-19T08:26:59.056Z"}
{"level":"info","message":"Server running on port 8080","timestamp":"2025-10-19T08:27:44.046Z"}
{"level":"info","message":"MongoDB Connected Successfully","timestamp":"2025-10-19T08:27:45.540Z"}
{"level":"info","message":"Server running on port 8080","timestamp":"2025-10-19T08:28:04.847Z"}
{"level":"info","message":"MongoDB Connected Successfully","timestamp":"2025-10-19T08:28:05.417Z"}
{"level":"info","message":"Server running on port 8080","timestamp":"2025-10-19T08:28:13.273Z"}
{"level":"info","message":"MongoDB Connected Successfully","timestamp":"2025-10-19T08:28:13.775Z"}
{"level":"info","message":"Server running on port 8080","timestamp":"2025-10-19T08:33:58.842Z"}
{"level":"info","message":"MongoDB Connected Successfully","timestamp":"2025-10-19T08:33:59.349Z"}
{"level":"info","message":"Server running on port 8080","timestamp":"2025-10-19T08:34:30.020Z"}
{"level":"info","message":"MongoDB Connected Successfully","timestamp":"2025-10-19T08:34:30.535Z"}
{"level":"info","message":"Server running on port 8080","timestamp":"2025-10-19T08:34:32.441Z"}
{"level":"info","message":"MongoDB Connected Successfully","timestamp":"2025-10-19T08:34:33.926Z"}
{"level":"info","message":"Server running on port 8080","timestamp":"2025-10-19T08:36:29.323Z"}
{"level":"info","message":"MongoDB Connected Successfully","timestamp":"2025-10-19T08:36:29.935Z"}
{"level":"info","message":"Server running on port 8080","timestamp":"2025-10-19T08:36:45.873Z"}
{"level":"info","message":"MongoDB Connected Successfully","timestamp":"2025-10-19T08:36:46.625Z"}
{"level":"info","message":"Server running on port 8080","timestamp":"2025-10-19T08:37:30.826Z"}
{"level":"info","message":"MongoDB Connected Successfully","timestamp":"2025-10-19T08:37:32.291Z"}
{"level":"info","message":"Server running on port 8080","timestamp":"2025-10-19T08:38:22.681Z"}
{"level":"info","message":"MongoDB Connected Successfully","timestamp":"2025-10-19T08:38:23.236Z"}
{"level":"info","message":"Server running on port 8080","timestamp":"2025-10-19T08:38:54.008Z"}
{"level":"info","message":"MongoDB Connected Successfully","timestamp":"2025-10-19T08:38:55.549Z"}
{"level":"info","message":"Server running on port 8080","timestamp":"2025-10-19T08:39:41.189Z"}
{"level":"info","message":"MongoDB Connected Successfully","timestamp":"2025-10-19T08:39:41.729Z"}
{"level":"info","message":"Server running on port 8080","timestamp":"2025-10-19T08:40:30.089Z"}
{"level":"info","message":"MongoDB Connected Successfully","timestamp":"2025-10-19T08:40:30.598Z"}
{"level":"info","message":"GET /register called","timestamp":"2025-10-19T08:40:30.645Z"}
{"level":"error","message":"Registration failed: Register validation failed: phone: isMobilePhone is not a function","timestamp":"2025-10-19T08:40:43.943Z"}
{"level":"info","message":"POST /register called","timestamp":"2025-10-19T08:40:43.943Z"}
{"level":"error","message":"ValidationError: Register validation failed: phone: isMobilePhone is not a function\n    at Document.invalidate (D:\\devOps\\backend\\node_modules\\mongoose\\lib\\document.js:3362:32)\n    at D:\\devOps\\backend\\node_modules\\mongoose\\lib\\document.js:3123:17\n    at D:\\devOps\\backend\\node_modules\\mongoose\\lib\\schemaType.js:1417:9\n    at process.processTicksAndRejections (node:internal/process/task_queues:85:11)","timestamp":"2025-10-19T08:40:43.944Z"}
{"level":"error","message":"Registration failed: Register validation failed: phone: isMobilePhone is not a function","timestamp":"2025-10-19T08:41:11.310Z"}
{"level":"info","message":"POST /register called","timestamp":"2025-10-19T08:41:11.310Z"}
{"level":"error","message":"ValidationError: Register validation failed: phone: isMobilePhone is not a function\n    at Document.invalidate (D:\\devOps\\backend\\node_modules\\mongoose\\lib\\document.js:3362:32)\n    at D:\\devOps\\backend\\node_modules\\mongoose\\lib\\document.js:3123:17\n    at D:\\devOps\\backend\\node_modules\\mongoose\\lib\\schemaType.js:1417:9\n    at process.processTicksAndRejections (node:internal/process/task_queues:85:11)","timestamp":"2025-10-19T08:41:11.311Z"}
{"level":"info","message":"Server running on port 8080","timestamp":"2025-10-19T08:41:59.869Z"}
{"level":"info","message":"MongoDB Connected Successfully","timestamp":"2025-10-19T08:42:01.390Z"}
{"level":"info","message":"Server running on port 8080","timestamp":"2025-10-19T08:42:06.460Z"}
{"level":"info","message":"MongoDB Connected Successfully","timestamp":"2025-10-19T08:42:06.957Z"}
{"level":"error","message":"Registration failed: Register validation failed: phone: isMobilePhone is not a function","timestamp":"2025-10-19T08:42:12.270Z"}
{"level":"info","message":"POST /register called","timestamp":"2025-10-19T08:42:12.273Z"}
{"level":"error","message":"ValidationError: Register validation failed: phone: isMobilePhone is not a function\n    at Document.invalidate (D:\\devOps\\backend\\node_modules\\mongoose\\lib\\document.js:3362:32)\n    at D:\\devOps\\backend\\node_modules\\mongoose\\lib\\document.js:3123:17\n    at D:\\devOps\\backend\\node_modules\\mongoose\\lib\\schemaType.js:1417:9\n    at process.processTicksAndRejections (node:internal/process/task_queues:85:11)","timestamp":"2025-10-19T08:42:12.277Z"}
{"level":"info","message":"Server running on port 8080","timestamp":"2025-10-19T08:42:40.761Z"}
{"level":"info","message":"MongoDB Connected Successfully","timestamp":"2025-10-19T08:42:42.237Z"}
{"level":"info","message":"Server running on port 8080","timestamp":"2025-10-19T08:42:54.148Z"}
{"level":"info","message":"MongoDB Connected Successfully","timestamp":"2025-10-19T08:42:55.661Z"}
{"level":"info","message":"Server running on port 8080","timestamp":"2025-10-19T08:43:13.001Z"}
{"level":"info","message":"MongoDB Connected Successfully","timestamp":"2025-10-19T08:43:14.477Z"}
{"level":"info","message":"New user registered: john.doe@example.com","timestamp":"2025-10-19T08:43:21.071Z"}
{"level":"error","message":"Registration failed: secretOrPrivateKey must have a value","timestamp":"2025-10-19T08:43:21.072Z"}
{"level":"info","message":"POST /register called","timestamp":"2025-10-19T08:43:21.077Z"}
{"level":"error","message":"Error: secretOrPrivateKey must have a value\n    at module.exports [as sign] (D:\\devOps\\backend\\node_modules\\jsonwebtoken\\sign.js:111:20)\n    at postRegister (D:\\devOps\\backend\\controller\\RegisterController.js:50:23)\n    at process.processTicksAndRejections (node:internal/process/task_queues:105:5)\n    at async D:\\devOps\\backend\\views\\RegisterView.js:28:5","timestamp":"2025-10-19T08:43:21.082Z"}
{"level":"info","message":"Server running on port 8080","timestamp":"2025-10-19T08:43:32.563Z"}
{"level":"info","message":"MongoDB Connected Successfully","timestamp":"2025-10-19T08:43:34.148Z"}
{"level":"info","message":"Server running on port 8080","timestamp":"2025-10-19T08:43:59.528Z"}
{"level":"info","message":"MongoDB Connected Successfully","timestamp":"2025-10-19T08:44:01.082Z"}
{"level":"warn","message":"Email already exists: john.doe@example.com","timestamp":"2025-10-19T08:44:02.465Z"}
{"level":"info","message":"POST /register called","timestamp":"2025-10-19T08:44:02.468Z"}
{"level":"error","message":"Registration failed: E11000 duplicate key error collection: test.registers index: phone_1 dup key: { phone: \"1234567890\" }","timestamp":"2025-10-19T08:44:58.268Z"}
{"level":"info","message":"POST /register called","timestamp":"2025-10-19T08:44:58.269Z"}
{"level":"error","message":"MongoServerError: E11000 duplicate key error collection: test.registers index: phone_1 dup key: { phone: \"1234567890\" }\n    at InsertOneOperation.handleOk (D:\\devOps\\backend\\node_modules\\mongodb\\lib\\operations\\insert.js:51:19)\n    at tryOperation (D:\\devOps\\backend\\node_modules\\mongodb\\lib\\operations\\execute_operation.js:214:34)\n    at process.processTicksAndRejections (node:internal/process/task_queues:105:5)\n    at async executeOperation (D:\\devOps\\backend\\node_modules\\mongodb\\lib\\operations\\execute_operation.js:78:16)\n    at async Collection.insertOne (D:\\devOps\\backend\\node_modules\\mongodb\\lib\\collection.js:154:16)","timestamp":"2025-10-19T08:44:58.274Z"}
{"level":"info","message":"New user registered: john@example.com","timestamp":"2025-10-19T08:45:12.852Z"}
{"level":"error","message":"Registration failed: secretOrPrivateKey must have a value","timestamp":"2025-10-19T08:45:12.854Z"}
{"level":"info","message":"POST /register called","timestamp":"2025-10-19T08:45:12.855Z"}
{"level":"error","message":"Error: secretOrPrivateKey must have a value\n    at module.exports [as sign] (D:\\devOps\\backend\\node_modules\\jsonwebtoken\\sign.js:111:20)\n    at postRegister (D:\\devOps\\backend\\controller\\RegisterController.js:50:23)\n    at process.processTicksAndRejections (node:internal/process/task_queues:105:5)\n    at async D:\\devOps\\backend\\views\\RegisterView.js:28:5","timestamp":"2025-10-19T08:45:12.857Z"}
{"level":"info","message":"GET /register called","timestamp":"2025-10-19T08:45:22.736Z"}
{"level":"info","message":"GET /register called","timestamp":"2025-10-19T08:45:34.948Z"}
{"level":"info","message":"GET /register called","timestamp":"2025-10-19T08:47:16.519Z"}
{"level":"error","message":"SyntaxError: Expected ',' or '}' after property value in JSON at position 113 (line 6 column 3)\n    at JSON.parse (<anonymous>)\n    at parse (D:\\devOps\\backend\\node_modules\\body-parser\\lib\\types\\json.js:77:19)\n    at D:\\devOps\\backend\\node_modules\\body-parser\\lib\\read.js:123:18\n    at AsyncResource.runInAsyncScope (node:async_hooks:214:14)\n    at invokeCallback (D:\\devOps\\backend\\node_modules\\raw-body\\index.js:238:16)\n    at done (D:\\devOps\\backend\\node_modules\\raw-body\\index.js:227:7)\n    at IncomingMessage.onEnd (D:\\devOps\\backend\\node_modules\\raw-body\\index.js:287:7)\n    at IncomingMessage.emit (node:events:518:28)\n    at endReadableNT (node:internal/streams/readable:1698:12)\n    at process.processTicksAndRejections (node:internal/process/task_queues:90:21)","timestamp":"2025-10-19T08:50:28.154Z"}
{"level":"info","message":"GET /register called","timestamp":"2025-10-19T08:50:37.049Z"}
{"level":"info","message":"GET /register called","timestamp":"2025-10-19T08:50:46.109Z"}
{"level":"info","message":"New user registered: dharaneesh@example.com","timestamp":"2025-10-19T08:50:56.143Z"}
{"level":"error","message":"Registration failed: secretOrPrivateKey must have a value","timestamp":"2025-10-19T08:50:56.143Z"}
{"level":"info","message":"POST /register called","timestamp":"2025-10-19T08:50:56.144Z"}
{"level":"error","message":"Error: secretOrPrivateKey must have a value\n    at module.exports [as sign] (D:\\devOps\\backend\\node_modules\\jsonwebtoken\\sign.js:111:20)\n    at postRegister (D:\\devOps\\backend\\controller\\RegisterController.js:50:23)\n    at process.processTicksAndRejections (node:internal/process/task_queues:105:5)\n    at async D:\\devOps\\backend\\views\\RegisterView.js:28:5","timestamp":"2025-10-19T08:50:56.145Z"}
{"level":"info","message":"GET /register called","timestamp":"2025-10-19T08:51:46.251Z"}
{"level":"info","message":"Server running on port 8080","timestamp":"2025-10-19T08:52:43.066Z"}
{"level":"info","message":"MongoDB Connected Successfully","timestamp":"2025-10-19T08:52:43.581Z"}
{"level":"info","message":"New user registered: sudharshan@example.com","timestamp":"2025-10-19T08:52:55.974Z"}
{"level":"error","message":"Registration failed: secretOrPrivateKey must have a value","timestamp":"2025-10-19T08:52:55.977Z"}
{"level":"info","message":"POST /register called","timestamp":"2025-10-19T08:52:55.982Z"}
{"level":"error","message":"Error: secretOrPrivateKey must have a value\n    at module.exports [as sign] (D:\\devOps\\backend\\node_modules\\jsonwebtoken\\sign.js:111:20)\n    at postRegister (D:\\devOps\\backend\\controller\\RegisterController.js:50:23)\n    at process.processTicksAndRejections (node:internal/process/task_queues:105:5)\n    at async D:\\devOps\\backend\\views\\RegisterView.js:28:5","timestamp":"2025-10-19T08:52:55.986Z"}
{"level":"info","message":"GET /register called","timestamp":"2025-10-19T08:53:16.684Z"}
{"level":"info","message":"Server running on port 8080","timestamp":"2025-10-19T10:27:11.426Z"}
{"level":"info","message":"MongoDB Connected Successfully","timestamp":"2025-10-19T10:27:12.116Z"}
{"level":"info","message":"Server running on port 8080","timestamp":"2025-10-19T11:19:17.840Z"}
{"level":"info","message":"MongoDB Connected Successfully","timestamp":"2025-10-19T11:19:19.723Z"}
